<<<<<<< HEAD
﻿  stdafx.cpp
  Camera.cpp
  GameFramework.cpp
  LabProject07-9-1.cpp
D:\2023-2\예나넷겜플\2023-2 NGT TERMPROJECT\NGP_TermProject\LabProject07-9-1.cpp(57,6): warning C4101: 'retval' :참조되지 않은 지역 변수입니다.
  (소스 파일 '/LabProject07-9-1.cpp'을(를) 컴파일하는 중)
  
D:\2023-2\예나넷겜플\2023-2 NGT TERMPROJECT\NGP_TermProject\LabProject07-9-1.cpp(45,6): warning C4101: 'ret' :참조되지 않은 지역 변수입니다.
  (소스 파일 '/LabProject07-9-1.cpp'을(를) 컴파일하는 중)
  
D:\2023-2\예나넷겜플\2023-2 NGT TERMPROJECT\NGP_TermProject\LabProject07-9-1.cpp(155,23): warning C4244: '초기화 중': 'short'에서 'char'(으)로 변환하면서 데이터가 손실될 수 있습니다.
  (소스 파일 '/LabProject07-9-1.cpp'을(를) 컴파일하는 중)
  
  Mesh.cpp
  Network.cpp
  Object.cpp
  Player.cpp
  Scene.cpp
D:\2023-2\예나넷겜플\2023-2 NGT TERMPROJECT\NGP_TermProject\Scene.cpp(106,35): warning C4305: '인수': 'double'에서 'FLOAT'(으)로 잘립니다.
  (소스 파일 '/Scene.cpp'을(를) 컴파일하는 중)
  
D:\2023-2\예나넷겜플\2023-2 NGT TERMPROJECT\NGP_TermProject\Scene.cpp(239,3): warning C4065: switch문에 'default'가 있으나 'case' 레이블이 없습니다.
  (소스 파일 '/Scene.cpp'을(를) 컴파일하는 중)
  
D:\2023-2\예나넷겜플\2023-2 NGT TERMPROJECT\NGP_TermProject\Scene.cpp(398,13): warning C4244: 'return': 'double'에서 'float'(으)로 변환하면서 데이터가 손실될 수 있습니다.
  (소스 파일 '/Scene.cpp'을(를) 컴파일하는 중)
  
  Shader.cpp
  Timer.cpp
  UILayer.cpp
  코드를 생성하고 있습니다...
  LabProject07-9-1.vcxproj -> D:\2023-2\예나넷겜플\2023-2 NGT TERMPROJECT\NGP_TermProject\x64\Debug\LabProject07-9-1.exe
=======
﻿  LabProject07-9-1.cpp
C:\git\NGP_TermProject\LabProject07-9-1.cpp(57,6): warning C4101: 'retval' :참조되지 않은 지역 변수입니다.
C:\git\NGP_TermProject\LabProject07-9-1.cpp(45,6): warning C4101: 'ret' :참조되지 않은 지역 변수입니다.
C:\git\NGP_TermProject\LabProject07-9-1.cpp(158,24): warning C4244: '초기화 중': 'short'에서 'char'(으)로 변환하면서 데이터가 손실될 수 있습니다.
  Network.cpp
  코드를 생성하고 있습니다...
  LabProject07-9-1.vcxproj -> C:\git\NGP_TermProject\x64\Debug\LabProject07-9-1.exe
>>>>>>> server
